# JRE version: OpenJDK Runtime Environment Temurin-17.0.16+8 (17.0.16+8) (build 17.0.16+8)
# Java VM: OpenJDK 64-Bit Server VM Temurin-17.0.16+8 (17.0.16+8, mixed mode, sharing, tiered, compressed oops, compressed class ptrs, g1 gc, windows-amd64)
GC Precious Log:
 CPUs: 4 total, 4 available
 Memory: 3936M
 Large Page Support: Disabled
 NUMA Support: Disabled
 Compressed Oops: Enabled (32-bit)
 Heap Region Size: 1M
 Heap Min Capacity: 8M
 Heap Initial Capacity: 62M
 Heap Max Capacity: 2G
 Pre-touch: Disabled
 Parallel Workers: 4
 Concurrent Workers: 1
 Concurrent Refinement Workers: 4
 Periodic GC: Disabled
Heap:
 garbage-first heap   total 207872K, used 126541K [0x0000000080000000, 0x0000000100000000)
  region size 1024K, 56 young (57344K), 9 survivors (9216K)
 Metaspace       used 96447K, committed 97216K, reserved 1179648K
  class space    used 12942K, committed 13312K, reserved 1048576K
GC Heap History (20 events):
Event: 29.268 GC heap before
{Heap before GC invocations=40 (full 0):
 garbage-first heap   total 86016K, used 61047K [0x0000000080000000, 0x0000000100000000)
  region size 1024K, 12 young (12288K), 3 survivors (3072K)
 Metaspace       used 64132K, committed 64768K, reserved 1114112K
  class space    used 9275K, committed 9536K, reserved 1048576K
}
Event: 29.290 GC heap after
{Heap after GC invocations=41 (full 0):
 garbage-first heap   total 86016K, used 58527K [0x0000000080000000, 0x0000000100000000)
  region size 1024K, 3 young (3072K), 3 survivors (3072K)
 Metaspace       used 64132K, committed 64768K, reserved 1114112K
  class space    used 9275K, committed 9536K, reserved 1048576K
}
Event: 29.512 GC heap before
{Heap before GC invocations=41 (full 0):
 garbage-first heap   total 114688K, used 68767K [0x0000000080000000, 0x0000000100000000)
  region size 1024K, 12 young (12288K), 3 survivors (3072K)
 Metaspace       used 64200K, committed 64832K, reserved 1114112K
  class space    used 9284K, committed 9536K, reserved 1048576K
}
Event: 29.533 GC heap after
{Heap after GC invocations=42 (full 0):
 garbage-first heap   total 114688K, used 54497K [0x0000000080000000, 0x0000000100000000)
  region size 1024K, 2 young (2048K), 2 survivors (2048K)
 Metaspace       used 64200K, committed 64832K, reserved 1114112K
  class space    used 9284K, committed 9536K, reserved 1048576K
}
Event: 30.745 GC heap before
{Heap before GC invocations=43 (full 0):
 garbage-first heap   total 114688K, used 83169K [0x0000000080000000, 0x0000000100000000)
  region size 1024K, 30 young (30720K), 2 survivors (2048K)
 Metaspace       used 67713K, committed 68288K, reserved 1114112K
  class space    used 9699K, committed 9984K, reserved 1048576K
}
Event: 30.753 GC heap after
{Heap after GC invocations=44 (full 0):
 garbage-first heap   total 114688K, used 55920K [0x0000000080000000, 0x0000000100000000)
  region size 1024K, 4 young (4096K), 4 survivors (4096K)
 Metaspace       used 67713K, committed 68288K, reserved 1114112K
  class space    used 9699K, committed 9984K, reserved 1048576K
}
Event: 30.863 GC heap before
{Heap before GC invocations=44 (full 0):
 garbage-first heap   total 114688K, used 56944K [0x0000000080000000, 0x0000000100000000)
  region size 1024K, 6 young (6144K), 4 survivors (4096K)
 Metaspace       used 67950K, committed 68480K, reserved 1114112K
  class space    used 9729K, committed 9984K, reserved 1048576K
}
Event: 30.874 GC heap after
{Heap after GC invocations=45 (full 0):
 garbage-first heap   total 114688K, used 56011K [0x0000000080000000, 0x0000000100000000)
  region size 1024K, 2 young (2048K), 2 survivors (2048K)
 Metaspace       used 67950K, committed 68480K, reserved 1114112K
  class space    used 9729K, committed 9984K, reserved 1048576K
}
Event: 32.126 GC heap before
{Heap before GC invocations=46 (full 0):
 garbage-first heap   total 114688K, used 93899K [0x0000000080000000, 0x0000000100000000)
  region size 1024K, 33 young (33792K), 2 survivors (2048K)
 Metaspace       used 71018K, committed 71616K, reserved 1114112K
  class space    used 10039K, committed 10304K, reserved 1048576K
}
Event: 32.135 GC heap after
{Heap after GC invocations=47 (full 0):
 garbage-first heap   total 114688K, used 64775K [0x0000000080000000, 0x0000000100000000)
  region size 1024K, 4 young (4096K), 4 survivors (4096K)
 Metaspace       used 71018K, committed 71616K, reserved 1114112K
  class space    used 10039K, committed 10304K, reserved 1048576K
}
Event: 32.168 GC heap before
{Heap before GC invocations=47 (full 0):
 garbage-first heap   total 114688K, used 65799K [0x0000000080000000, 0x0000000100000000)
  region size 1024K, 5 young (5120K), 4 survivors (4096K)
 Metaspace       used 71103K, committed 71680K, reserved 1114112K
  class space    used 10048K, committed 10304K, reserved 1048576K
}
Event: 32.176 GC heap after
{Heap after GC invocations=48 (full 0):
 garbage-first heap   total 114688K, used 64819K [0x0000000080000000, 0x0000000100000000)
  region size 1024K, 1 young (1024K), 1 survivors (1024K)
 Metaspace       used 71103K, committed 71680K, reserved 1114112K
  class space    used 10048K, committed 10304K, reserved 1048576K
}
Event: 32.950 GC heap before
{Heap before GC invocations=48 (full 0):
 garbage-first heap   total 114688K, used 91443K [0x0000000080000000, 0x0000000100000000)
  region size 1024K, 27 young (27648K), 1 survivors (1024K)
 Metaspace       used 74299K, committed 74880K, reserved 1114112K
  class space    used 10313K, committed 10560K, reserved 1048576K
}
Event: 32.956 GC heap after
{Heap after GC invocations=49 (full 0):
 garbage-first heap   total 207872K, used 65558K [0x0000000080000000, 0x0000000100000000)
  region size 1024K, 2 young (2048K), 2 survivors (2048K)
 Metaspace       used 74299K, committed 74880K, reserved 1114112K
  class space    used 10313K, committed 10560K, reserved 1048576K
}
Event: 36.825 GC heap before
{Heap before GC invocations=50 (full 0):
 garbage-first heap   total 207872K, used 156694K [0x0000000080000000, 0x0000000100000000)
  region size 1024K, 90 young (92160K), 2 survivors (2048K)
 Metaspace       used 84280K, committed 84992K, reserved 1179648K
  class space    used 11560K, committed 11904K, reserved 1048576K
}
Event: 36.842 GC heap after
{Heap after GC invocations=51 (full 0):
 garbage-first heap   total 207872K, used 71720K [0x0000000080000000, 0x0000000100000000)
  region size 1024K, 8 young (8192K), 8 survivors (8192K)
 Metaspace       used 84280K, committed 84992K, reserved 1179648K
  class space    used 11560K, committed 11904K, reserved 1048576K
}
Event: 36.854 GC heap before
{Heap before GC invocations=51 (full 0):
 garbage-first heap   total 207872K, used 73768K [0x0000000080000000, 0x0000000100000000)
  region size 1024K, 10 young (10240K), 8 survivors (8192K)
 Metaspace       used 84288K, committed 84992K, reserved 1179648K
  class space    used 11560K, committed 11904K, reserved 1048576K
}
Event: 36.867 GC heap after
{Heap after GC invocations=52 (full 0):
 garbage-first heap   total 207872K, used 72447K [0x0000000080000000, 0x0000000100000000)
  region size 1024K, 2 young (2048K), 2 survivors (2048K)
 Metaspace       used 84288K, committed 84992K, reserved 1179648K
  class space    used 11560K, committed 11904K, reserved 1048576K
}
Event: 40.490 GC heap before
{Heap before GC invocations=52 (full 0):
 garbage-first heap   total 207872K, used 162559K [0x0000000080000000, 0x0000000100000000)
  region size 1024K, 90 young (92160K), 2 survivors (2048K)
 Metaspace       used 90314K, committed 90944K, reserved 1179648K
  class space    used 12235K, committed 12544K, reserved 1048576K
}
Event: 40.506 GC heap after
{Heap after GC invocations=53 (full 0):
 garbage-first heap   total 207872K, used 79437K [0x0000000080000000, 0x0000000100000000)
  region size 1024K, 9 young (9216K), 9 survivors (9216K)
 Metaspace       used 90314K, committed 90944K, reserved 1179648K
  class space    used 12235K, committed 12544K, reserved 1048576K
}

