# JRE version: OpenJDK Runtime Environment Temurin-17.0.16+8 (17.0.16+8) (build 17.0.16+8)
# Java VM: OpenJDK 64-Bit Server VM Temurin-17.0.16+8 (17.0.16+8, mixed mode, sharing, tiered, compressed oops, compressed class ptrs, g1 gc, windows-amd64)
GC Precious Log:
 CPUs: 4 total, 4 available
 Memory: 3936M
 Large Page Support: Disabled
 NUMA Support: Disabled
 Compressed Oops: Enabled (32-bit)
 Heap Region Size: 1M
 Heap Min Capacity: 8M
 Heap Initial Capacity: 62M
 Heap Max Capacity: 2G
 Pre-touch: Disabled
 Parallel Workers: 4
 Concurrent Workers: 1
 Concurrent Refinement Workers: 4
 Periodic GC: Disabled
Heap:
 garbage-first heap   total 180224K, used 79592K [0x0000000080000000, 0x0000000100000000)
  region size 1024K, 2 young (2048K), 2 survivors (2048K)
 Metaspace       used 102535K, committed 103232K, reserved 1179648K
  class space    used 13133K, committed 13440K, reserved 1048576K
GC Heap History (20 events):
Event: 28.206 GC heap after
{Heap after GC invocations=38 (full 0):
 garbage-first heap   total 102400K, used 59390K [0x0000000080000000, 0x0000000100000000)
  region size 1024K, 4 young (4096K), 4 survivors (4096K)
 Metaspace       used 58303K, committed 58880K, reserved 1114112K
  class space    used 8071K, committed 8320K, reserved 1048576K
}
Event: 28.241 GC heap before
{Heap before GC invocations=38 (full 0):
 garbage-first heap   total 102400K, used 60414K [0x0000000080000000, 0x0000000100000000)
  region size 1024K, 5 young (5120K), 4 survivors (4096K)
 Metaspace       used 58354K, committed 58880K, reserved 1114112K
  class space    used 8083K, committed 8320K, reserved 1048576K
}
Event: 28.248 GC heap after
{Heap after GC invocations=39 (full 0):
 garbage-first heap   total 102400K, used 59175K [0x0000000080000000, 0x0000000100000000)
  region size 1024K, 1 young (1024K), 1 survivors (1024K)
 Metaspace       used 58354K, committed 58880K, reserved 1114112K
  class space    used 8083K, committed 8320K, reserved 1048576K
}
Event: 28.986 GC heap before
{Heap before GC invocations=39 (full 0):
 garbage-first heap   total 102400K, used 80679K [0x0000000080000000, 0x0000000100000000)
  region size 1024K, 23 young (23552K), 1 survivors (1024K)
 Metaspace       used 61265K, committed 61824K, reserved 1114112K
  class space    used 8278K, committed 8512K, reserved 1048576K
}
Event: 28.991 GC heap after
{Heap after GC invocations=40 (full 0):
 garbage-first heap   total 102400K, used 60241K [0x0000000080000000, 0x0000000100000000)
  region size 1024K, 2 young (2048K), 2 survivors (2048K)
 Metaspace       used 61265K, committed 61824K, reserved 1114112K
  class space    used 8278K, committed 8512K, reserved 1048576K
}
Event: 30.287 GC heap before
{Heap before GC invocations=41 (full 0):
 garbage-first heap   total 109568K, used 81745K [0x0000000080000000, 0x0000000100000000)
  region size 1024K, 24 young (24576K), 2 survivors (2048K)
 Metaspace       used 63878K, committed 64448K, reserved 1114112K
  class space    used 8577K, committed 8832K, reserved 1048576K
}
Event: 30.296 GC heap after
{Heap after GC invocations=42 (full 0):
 garbage-first heap   total 180224K, used 61020K [0x0000000080000000, 0x0000000100000000)
  region size 1024K, 3 young (3072K), 3 survivors (3072K)
 Metaspace       used 63878K, committed 64448K, reserved 1114112K
  class space    used 8577K, committed 8832K, reserved 1048576K
}
Event: 30.583 GC heap before
{Heap before GC invocations=42 (full 0):
 garbage-first heap   total 180224K, used 66140K [0x0000000080000000, 0x0000000100000000)
  region size 1024K, 8 young (8192K), 3 survivors (3072K)
 Metaspace       used 64494K, committed 64960K, reserved 1114112K
  class space    used 8674K, committed 8896K, reserved 1048576K
}
Event: 30.594 GC heap after
{Heap after GC invocations=43 (full 0):
 garbage-first heap   total 180224K, used 60577K [0x0000000080000000, 0x0000000100000000)
  region size 1024K, 1 young (1024K), 1 survivors (1024K)
 Metaspace       used 64494K, committed 64960K, reserved 1114112K
  class space    used 8674K, committed 8896K, reserved 1048576K
}
Event: 34.040 GC heap before
{Heap before GC invocations=43 (full 0):
 garbage-first heap   total 180224K, used 139425K [0x0000000080000000, 0x0000000100000000)
  region size 1024K, 77 young (78848K), 1 survivors (1024K)
 Metaspace       used 70976K, committed 71488K, reserved 1114112K
  class space    used 9496K, committed 9728K, reserved 1048576K
}
Event: 34.056 GC heap after
{Heap after GC invocations=44 (full 0):
 garbage-first heap   total 180224K, used 64907K [0x0000000080000000, 0x0000000100000000)
  region size 1024K, 5 young (5120K), 5 survivors (5120K)
 Metaspace       used 70976K, committed 71488K, reserved 1114112K
  class space    used 9496K, committed 9728K, reserved 1048576K
}
Event: 37.048 GC heap before
{Heap before GC invocations=44 (full 0):
 garbage-first heap   total 180224K, used 140683K [0x0000000080000000, 0x0000000100000000)
  region size 1024K, 79 young (80896K), 5 survivors (5120K)
 Metaspace       used 77518K, committed 78080K, reserved 1179648K
  class space    used 10202K, committed 10432K, reserved 1048576K
}
Event: 37.065 GC heap after
{Heap after GC invocations=45 (full 0):
 garbage-first heap   total 180224K, used 70337K [0x0000000080000000, 0x0000000100000000)
  region size 1024K, 10 young (10240K), 10 survivors (10240K)
 Metaspace       used 77518K, committed 78080K, reserved 1179648K
  class space    used 10202K, committed 10432K, reserved 1048576K
}
Event: 40.401 GC heap before
{Heap before GC invocations=45 (full 0):
 garbage-first heap   total 180224K, used 142017K [0x0000000080000000, 0x0000000100000000)
  region size 1024K, 81 young (82944K), 10 survivors (10240K)
 Metaspace       used 86695K, committed 87232K, reserved 1179648K
  class space    used 11147K, committed 11392K, reserved 1048576K
}
Event: 40.603 GC heap after
{Heap after GC invocations=46 (full 0):
 garbage-first heap   total 180224K, used 74840K [0x0000000080000000, 0x0000000100000000)
  region size 1024K, 10 young (10240K), 10 survivors (10240K)
 Metaspace       used 86695K, committed 87232K, reserved 1179648K
  class space    used 11147K, committed 11392K, reserved 1048576K
}
Event: 44.481 GC heap before
{Heap before GC invocations=46 (full 0):
 garbage-first heap   total 180224K, used 144472K [0x0000000080000000, 0x0000000100000000)
  region size 1024K, 78 young (79872K), 10 survivors (10240K)
 Metaspace       used 95504K, committed 96064K, reserved 1179648K
  class space    used 12182K, committed 12416K, reserved 1048576K
}
Event: 44.550 GC heap after
{Heap after GC invocations=47 (full 0):
 garbage-first heap   total 180224K, used 76900K [0x0000000080000000, 0x0000000100000000)
  region size 1024K, 7 young (7168K), 7 survivors (7168K)
 Metaspace       used 95504K, committed 96064K, reserved 1179648K
  class space    used 12182K, committed 12416K, reserved 1048576K
}
Event: 47.730 GC heap before
{Heap before GC invocations=47 (full 0):
 garbage-first heap   total 180224K, used 148580K [0x0000000080000000, 0x0000000100000000)
  region size 1024K, 76 young (77824K), 7 survivors (7168K)
 Metaspace       used 99485K, committed 100096K, reserved 1179648K
  class space    used 12789K, committed 13056K, reserved 1048576K
}
Event: 47.804 GC heap after
{Heap after GC invocations=48 (full 0):
 garbage-first heap   total 180224K, used 82793K [0x0000000080000000, 0x0000000100000000)
  region size 1024K, 8 young (8192K), 8 survivors (8192K)
 Metaspace       used 99485K, committed 100096K, reserved 1179648K
  class space    used 12789K, committed 13056K, reserved 1048576K
}
Event: 50.686 GC heap before
{Heap before GC invocations=48 (full 0):
 garbage-first heap   total 180224K, used 148329K [0x0000000080000000, 0x0000000100000000)
  region size 1024K, 72 young (73728K), 8 survivors (8192K)
 Metaspace       used 102535K, committed 103232K, reserved 1179648K
  class space    used 13133K, committed 13440K, reserved 1048576K
}

